Firename: TONTO CAYON
Forest: CORONADO
Report: 2500-8_Tonto Cayon_Coronado.pdf
fire_start 2022-06-12 00:00:00
Match: None
----
Firename: WILLIAMS CREEK FIRE
Forest: NEZ PERCE
Report: 2500-8_Williams Creek Fire_Nez Perce.pdf
fire_start 2022-08-29 00:00:00
Match: None
----
Firename: MINNOW RIDGE
Forest: Okanogan-Wenatchee
Report: 2500-8_Minnow Ridge_Okanogan-Wenatchee.pdf
fire_start 2022-09-09 00:00:00
Match: None
----
Firename: LITTLE BEAR, WEST FORK, SNOWDE
Forest: CLEARWATER
Report: 2500-8_Little Bear, West Fork, Snowde_Clearwater.pdf
fire_start 2023-06-07 00:00:00
Match: None
----
Firename: LAKE TOKETIE
Forest: MT BAKER-SNOQUALMIE
Report: 2500-8_Lake Toketie_Mt Baker-Snoqualmie.pdf
fire_start 2022-08-30 00:00:00
Match: None
----
Firename: SUIATTLE RIVER
Forest: MT BAKER-SNOQUALMIE
Report: 2500-8_Suiattle River_Mt Baker-Snoqualmie.pdf
fire_start 2022-08-30 00:00:00
Match: None
----
Firename: ELSWORTH FIRE
Forest: HUMBOLDT-TOIYABE
Report: 2500-8_Elsworth Fire_Humboldt-Toiyabe.pdf
fire_start 2022-09-12 00:00:00
Match: None
----
Firename: STURGILL
Forest: WALLOWA-WHITMAN
Report: 2500-8_Sturgill_Wallowa-Whitman.pdf
fire_start 2022-08-22 00:00:00
Match: None
----
Firename: HURRICANE RIDGE
Forest: Pisgah
Report: 2500-8_Hurricane Ridge_Pisgah.pdf
fire_start 2022-11-23 00:00:00
Match: None
----
Firename: BLODGETT AND MILL LAKE FIRES
Forest: BITTERROOT
Report: 2500-8_Blodgett And Mill Lake Fires_Bitterroot.pdf
fire_start 2022-08-25 00:00:00
Match: None
----
Firename: LOOKOUT, HORSE CREEK, POTHOLE
Forest: WILLAMETTE
Report: 2500-8_Lookout, Horse Creek, Pothole_Willamette.pdf
fire_start 2023-08-05 00:00:00
Match: None
----
Firename: LOCH KATRINE
Forest: MT BAKER-SNOQUALMIE
Report: 2500-8_Loch Katrine_Mt Baker-Snoqualmie.pdf
fire_start 2022-09-01 00:00:00
Match: None
----
Firename: NW PASAYTEN COMPLEX
Forest: Okanogan-Wenatchee
Report: 2500-8_Nw Pasayten Complex_Okanogan-Wenatchee.pdf
fire_start 2022-09-06 00:00:00
Match: None
----
Firename: PETE'S LAKE
Forest: WILLAMETTE
Report: 2500-8_Pete'S Lake_Willamette.pdf
fire_start 2023-08-25 00:00:00
Match: None
----
Firename: HAPPY COMPLEX 3
Forest: KLAMATH
Report: 2500-8_Happy Complex 3_Klamath.pdf
fire_start 2023-08-16 00:00:00
Match: None
----
Firename: SMITH RIIVER COMPLEX
Forest: SIX RIVERS
Report: 2500-8_Smith Riiver Complex_Six Rivers.pdf
fire_start 2023-08-15 00:00:00
Match: None
----
